<?xml version='1.0' encoding='UTF-8'?>
<testsuite hostname="Teh_Dovahkiin" name="Test1" tests="1" errors="0" failures="0" skipped="0" time="0.002" timestamp="2021-02-22T01:17:39">
                     <properties>
      <property name="java.specification.version" value="14"/><property name="sun.cpu.isalist" value="amd64"/><property name="sun.jnu.encoding" value="Cp1252"/><property name="sun.arch.data.model" value="64"/><property name="sbt.supershell" value="false"/><property name="java.vendor.url" value="https://adoptopenjdk.net/"/><property name="sun.boot.library.path" value="C:\Users\jan33\.jdks\adopt-openjdk-14.0.2\bin"/><property name="sun.java.command" value="C:\Users\jan33\AppData\Roaming\JetBrains\IntelliJIdea2020.3\plugins\Scala\launcher\sbt-launch.jar early(addPluginSbtFile=&quot;&quot;&quot;C:\Users\jan33\AppData\Local\Temp\idea1.sbt&quot;&quot;&quot;) ; set ideaPort in Global := 51456 ; idea-shell"/><property name="jdk.debug" value="release"/><property name="sun.stderr.encoding" value="cp437"/><property name="java.specification.vendor" value="Oracle Corporation"/><property name="java.version.date" value="2020-07-14"/><property name="java.home" value="C:\Users\jan33\.jdks\adopt-openjdk-14.0.2"/><property name="file.separator" value="\"/><property name="java.vm.compressedOopsMode" value="32-bit"/><property name="line.separator" value="
"/><property name="sun.stdout.encoding" value="cp437"/><property name="java.vm.specification.vendor" value="Oracle Corporation"/><property name="java.specification.name" value="Java Platform API Specification"/><property name="user.script" value=""/><property name="sun.management.compiler" value="HotSpot 64-Bit Tiered Compilers"/><property name="java.runtime.version" value="14.0.2+12"/><property name="user.name" value="jan33"/><property name="log4j.ignoreTCL" value="true"/><property name="file.encoding" value="UTF-8"/><property name="jnidispatch.path" value="C:\Users\jan33\AppData\Local\Temp\jna-100890295\jna4576261430500921932.dll"/><property name="java.vendor.version" value="AdoptOpenJDK"/><property name="jna.loaded" value="true"/><property name="java.io.tmpdir" value="C:\Users\jan33\AppData\Local\Temp\"/><property name="java.version" value="14.0.2"/><property name="java.vm.specification.name" value="Java Virtual Machine Specification"/><property name="sun.os.patch.level" value=""/><property name="java.library.path" value="C:\Users\jan33\.jdks\adopt-openjdk-14.0.2\bin;C:\WINDOWS\Sun\Java\bin;C:\WINDOWS\system32;C:\WINDOWS;C:\Program Files\Common Files\Oracle\Java\javapath;C:\ProgramData\Anaconda3;C:\ProgramData\Anaconda3\Library\mingw-w64\bin;C:\ProgramData\Anaconda3\Library\usr\bin;C:\ProgramData\Anaconda3\Library\bin;C:\ProgramData\Anaconda3\Scripts;C:\Windows\system32;C:\Windows;C:\Windows\System32\Wbem;C:\Windows\System32\WindowsPowerShell\v1.0\;C:\Windows\System32\OpenSSH\;C:\Program Files (x86)\NVIDIA Corporation\PhysX\Common;C:\Program Files\NVIDIA Corporation\NVIDIA NvDLISR;C:\WINDOWS\system32;C:\WINDOWS;C:\WINDOWS\System32\Wbem;C:\WINDOWS\System32\WindowsPowerShell\v1.0\;C:\WINDOWS\System32\OpenSSH\;C:\Program Files\dotnet\;C:\Program Files\Microsoft SQL Server\130\Tools\Binn\;C:\Program Files\Microsoft SQL Server\Client SDK\ODBC\170\Tools\Binn\;C:\Program Files\apache-maven-3.6.3\bin;C:\Program Files (x86)\Java8\bin;C:\Program Files\PuTTY\;C:\Program Files\Git\cmd;C:\MinGW\bin;C:\Program Files (x86)\sbt\bin;C:\Program Files (x86)\scala\bin;C:\Program Files (x86)\scala\bin;C:\Users\jan33\anaconda3;C:\Users\jan33\anaconda3\Library\mingw-w64\bin;C:\Users\jan33\anaconda3\Library\usr\bin;C:\Users\jan33\anaconda3\Library\bin;C:\Users\jan33\anaconda3\Scripts;C:\Users\jan33\AppData\Local\Microsoft\WindowsApps;C:\Users\jan33\AppData\Local\Programs\Microsoft VS Code\bin;C:\Users\jan33\AppData\Local\GitHubDesktop\bin;C:\MinGW\bin;C:\Program Files\JetBrains\IntelliJ IDEA 2020.3.2\bin;;."/><property name="java.vendor" value="AdoptOpenJDK"/><property name="sun.io.unicode.encoding" value="UnicodeLittle"/><property name="java.class.path" value="C:\Users\jan33\AppData\Roaming\JetBrains\IntelliJIdea2020.3\plugins\Scala\launcher\sbt-launch.jar"/><property name="java.vm.vendor" value="AdoptOpenJDK"/><property name="user.variant" value=""/><property name="jline.shutdownhook" value="false"/><property name="user.timezone" value="America/Chicago"/><property name="java.vm.specification.version" value="14"/><property name="os.name" value="Windows 10"/><property name="sun.java.launcher" value="SUN_STANDARD"/><property name="user.country" value="US"/><property name="sun.cpu.endian" value="little"/><property name="user.home" value="C:\Users\jan33"/><property name="user.language" value="en"/><property name="swoval.tmpdir" value="C:\Users\jan33\.sbt\1.0"/><property name="jline.esc.timeout" value="0"/><property name="path.separator" value=";"/><property name="os.version" value="10.0"/><property name="jna.nosys" value="true"/><property name="java.runtime.name" value="OpenJDK Runtime Environment"/><property name="sbt.log.noformat" value="true"/><property name="java.vm.name" value="OpenJDK 64-Bit Server VM"/><property name="java.vendor.url.bug" value="https://github.com/AdoptOpenJDK/openjdk-support/issues"/><property name="user.dir" value="C:\Users\jan33\Desktop\HW1"/><property name="os.arch" value="amd64"/><property name="idea.managed" value="true"/><property name="java.vm.info" value="mixed mode, sharing"/><property name="java.vm.version" value="14.0.2+12"/><property name="java.class.version" value="58.0"/>
    </properties>
                     <testcase classname="Test1" name="t1" time="0.002">
                                                 
                                               </testcase>
                     <system-out><![CDATA[]]></system-out>
                     <system-err><![CDATA[]]></system-err>
                   </testsuite>